<?xml version="1.0" encoding="UTF-8"?>
<testsuite xmlns:xsi="http://www.w3.org/2001/XMLSchema-instance" xsi:noNamespaceSchemaLocation="https://maven.apache.org/surefire/maven-surefire-plugin/xsd/surefire-test-report-3.0.xsd" version="3.0" name="CuentaBancariaTest" time="1.67" tests="3" errors="0" skipped="0" failures="0">
  <properties>
[...]
</properties>
  <testcase name="testRetiroExitoso" classname="CuentaBancariaTest" time="0.08"/>
  <testcase name="testRetiroFallido" classname="CuentaBancariaTest" time="0.0"/>
  <testcase name="testDeposito" classname="CuentaBancariaTest" time="0.0"/>
</testsuite>